2025-03-12 13:58:54,978 [INFO] Activator:176 - 


2025-03-12 13:58:54,980 [INFO] Activator:177 - !SESSION log4j initialized
2025-03-12 13:58:57,750 [INFO] LogOutputStream:77 - [STDOUT_REDIRECT] 
2025-03-12 13:58:59,877 [INFO] ApplicationProperties:184 - Using Application install path: C:\ST\STM32CubeIDE_1.13.1\STM32CubeIDE\plugins\com.st.stm32cube.common.mx_6.14.0.202502271554
2025-03-12 13:58:59,899 [INFO] DbMcusXml:78 - Set database path to: C:\ST\STM32CubeIDE_1.13.1\STM32CubeIDE\plugins\com.st.stm32cube.common.mx_6.14.0.202502271554\\db\/mcu/
2025-03-12 13:58:59,900 [INFO] ApiDb:274 - Set plugin database path to: C:\ST\STM32CubeIDE_1.13.1\STM32CubeIDE\plugins\com.st.stm32cube.common.mx_6.14.0.202502271554\\db\/plugins/boardmanager/
2025-03-12 13:58:59,903 [WARN] ApiDb:259 - Overriding images path with different value:  => C:\ST\STM32CubeIDE_1.13.1\STM32CubeIDE\plugins\com.st.stm32cube.common.mx_6.14.0.202502271554\\db\/plugins/mcufinder/images/
2025-03-12 13:58:59,911 [INFO] ApiDb:250 - Set database path to: C:\Users\maure\.stmcufinder\plugins\mcufinder//mcu/
2025-03-12 13:58:59,913 [INFO] DbMcusAds:125 - Set database path to: C:\Users\maure\.stmcufinder\plugins\mcufinder//mcu/
2025-03-12 13:58:59,916 [INFO] CrossReferenceDbSqlite:203 - Set database path to: C:\Users\maure\.stmcufinder\plugins\mcufinder//mcu/cs/
2025-03-12 13:59:00,058 [INFO] RulesReader:64 - Compatibility file has been processed (301 Rules)
2025-03-12 13:59:00,158 [INFO] DbMcusXml:78 - Set database path to: C:\ST\STM32CubeIDE_1.13.1\STM32CubeIDE\plugins\com.st.stm32cube.common.mx_6.14.0.202502271554\\db\/mcu/
2025-03-12 13:59:00,158 [INFO] ApiDb:274 - Set plugin database path to: C:\ST\STM32CubeIDE_1.13.1\STM32CubeIDE\plugins\com.st.stm32cube.common.mx_6.14.0.202502271554\\db\/plugins/boardmanager/
2025-03-12 13:59:00,159 [INFO] ApiDb:261 - Set plugin images path to: C:\ST\STM32CubeIDE_1.13.1\STM32CubeIDE\plugins\com.st.stm32cube.common.mx_6.14.0.202502271554\\db\/plugins/mcufinder/images/
2025-03-12 13:59:00,159 [WARN] DbFile:41 - Overriding database path with different value: C:\Users\maure\.stmcufinder\plugins\mcufinder/ => C:\Users\maure\.stmcufinder\plugins\mcufinder
2025-03-12 13:59:00,159 [INFO] ApiDb:250 - Set database path to: C:\Users\maure\.stmcufinder\plugins\mcufinder//mcu/
2025-03-12 13:59:00,159 [WARN] DbFile:41 - Overriding database path with different value: C:\Users\maure\.stmcufinder\plugins\mcufinder/ => C:\Users\maure\.stmcufinder\plugins\mcufinder
2025-03-12 13:59:00,159 [INFO] DbMcusAds:125 - Set database path to: C:\Users\maure\.stmcufinder\plugins\mcufinder//mcu/
2025-03-12 13:59:00,159 [WARN] DbFile:41 - Overriding database path with different value: C:\Users\maure\.stmcufinder\plugins\mcufinder/ => C:\Users\maure\.stmcufinder\plugins\mcufinder
2025-03-12 13:59:00,159 [WARN] DbFile:41 - Overriding database path with different value: C:\Users\maure\.stmcufinder\plugins\mcufinder/ => C:\Users\maure\.stmcufinder\plugins\mcufinder
2025-03-12 13:59:00,159 [INFO] CrossReferenceDbSqlite:203 - Set database path to: C:\Users\maure\.stmcufinder\plugins\mcufinder//mcu/cs/
2025-03-12 13:59:00,245 [INFO] MainPanel:272 - HeapMemory: 268435456
2025-03-12 13:59:00,348 [INFO] DbMcusXml:78 - Set database path to: C:\ST\STM32CubeIDE_1.13.1\STM32CubeIDE\plugins\com.st.stm32cube.common.mx_6.14.0.202502271554\\db\/mcu/
2025-03-12 13:59:00,348 [INFO] ApiDb:274 - Set plugin database path to: C:\ST\STM32CubeIDE_1.13.1\STM32CubeIDE\plugins\com.st.stm32cube.common.mx_6.14.0.202502271554\\db\/plugins/boardmanager/
2025-03-12 13:59:00,348 [INFO] ApiDb:261 - Set plugin images path to: C:\ST\STM32CubeIDE_1.13.1\STM32CubeIDE\plugins\com.st.stm32cube.common.mx_6.14.0.202502271554\\db\/plugins/mcufinder/images/
2025-03-12 13:59:00,349 [WARN] DbFile:41 - Overriding database path with different value: C:\Users\maure\.stmcufinder\plugins\mcufinder/ => C:\Users\maure\.stmcufinder\plugins\mcufinder
2025-03-12 13:59:00,349 [INFO] ApiDb:250 - Set database path to: C:\Users\maure\.stmcufinder\plugins\mcufinder//mcu/
2025-03-12 13:59:00,349 [WARN] DbFile:41 - Overriding database path with different value: C:\Users\maure\.stmcufinder\plugins\mcufinder/ => C:\Users\maure\.stmcufinder\plugins\mcufinder
2025-03-12 13:59:00,349 [INFO] DbMcusAds:125 - Set database path to: C:\Users\maure\.stmcufinder\plugins\mcufinder//mcu/
2025-03-12 13:59:00,349 [WARN] DbFile:41 - Overriding database path with different value: C:\Users\maure\.stmcufinder\plugins\mcufinder/ => C:\Users\maure\.stmcufinder\plugins\mcufinder
2025-03-12 13:59:00,349 [WARN] DbFile:41 - Overriding database path with different value: C:\Users\maure\.stmcufinder\plugins\mcufinder/ => C:\Users\maure\.stmcufinder\plugins\mcufinder
2025-03-12 13:59:00,349 [INFO] CrossReferenceDbSqlite:203 - Set database path to: C:\Users\maure\.stmcufinder\plugins\mcufinder//mcu/cs/
2025-03-12 13:59:00,371 [INFO] ApplicationProperties:184 - Using Application install path: C:\ST\STM32CubeIDE_1.13.1\STM32CubeIDE\plugins\com.st.stm32cube.common.mx_6.14.0.202502271554
2025-03-12 13:59:00,373 [INFO] PluginManage:196 - Search for loadable plugins [exclusion list=, ]
2025-03-12 13:59:00,375 [INFO] PluginManage:310 - Check plugin analytics
2025-03-12 13:59:00,629 [INFO] AnalyticsPlugin:253 - Accepted Software Licenses: 
2025-03-12 13:59:00,629 [INFO] AnalyticsPlugin:255 - Accepted CMSIS Pack Licenses: 
2025-03-12 13:59:00,630 [INFO] AnalyticsPlugin:257 - Accepted Firmware Licenses: FW.L4.1.18.0
2025-03-12 13:59:00,633 [INFO] PluginManage:359 - Loaded plugin analytics (category:tool,tabindex:-1)
2025-03-12 13:59:00,634 [INFO] PluginManage:310 - Check plugin cadmodel
2025-03-12 13:59:00,639 [INFO] CADModel:105 - Init CAD model plugin
2025-03-12 13:59:00,640 [INFO] PluginManage:359 - Loaded plugin cadmodel (category:power,tabindex:5)
2025-03-12 13:59:00,640 [INFO] PluginManage:310 - Check plugin clock
2025-03-12 13:59:00,651 [INFO] PluginManage:359 - Loaded plugin clock (category:base,tabindex:2)
2025-03-12 13:59:00,651 [INFO] PluginManage:310 - Check plugin ddr
2025-03-12 13:59:00,655 [INFO] PluginManage:359 - Loaded plugin ddr (category:tool,tabindex:6)
2025-03-12 13:59:00,655 [INFO] PluginManage:310 - Check plugin filemanager
2025-03-12 13:59:00,903 [INFO] PluginManage:359 - Loaded plugin filemanager (category:base,tabindex:10)
2025-03-12 13:59:00,904 [INFO] PluginManage:310 - Check plugin ipmanager
2025-03-12 13:59:00,912 [INFO] PluginManage:359 - Loaded plugin ipmanager (category:base,tabindex:5)
2025-03-12 13:59:00,913 [INFO] PluginManage:310 - Check plugin lpbam
2025-03-12 13:59:00,925 [INFO] PluginManage:359 - Loaded plugin lpbam (category:base,tabindex:0)
2025-03-12 13:59:00,925 [INFO] PluginManage:310 - Check plugin memorymap
2025-03-12 13:59:00,942 [INFO] PluginManage:359 - Loaded plugin memorymap (category:base,tabindex:4)
2025-03-12 13:59:00,942 [INFO] PluginManage:310 - Check plugin pinoutandconfiguration
2025-03-12 13:59:00,951 [INFO] PluginManage:359 - Loaded plugin pinoutandconfiguration (category:base,tabindex:1)
2025-03-12 13:59:00,951 [INFO] PluginManage:310 - Check plugin pinoutconfig
2025-03-12 13:59:01,077 [WARN] SupportedApi:132 - Cannot load RTOS API schema: s4s-elt-must-match.1: The content of 'definitions' must match (annotation?, (simpleType | complexType)?, (unique | key | keyref)*)). A problem was found starting at: attribute.
2025-03-12 13:59:01,247 [INFO] PluginManage:359 - Loaded plugin pinoutconfig (category:base,tabindex:0)
2025-03-12 13:59:01,247 [INFO] PluginManage:310 - Check plugin power
2025-03-12 13:59:01,259 [INFO] PluginManage:359 - Loaded plugin power (category:power,tabindex:4)
2025-03-12 13:59:01,259 [INFO] PluginManage:310 - Check plugin projectmanager
2025-03-12 13:59:01,282 [INFO] PluginManage:359 - Loaded plugin projectmanager (category:projectmanager,tabindex:4)
2025-03-12 13:59:01,282 [INFO] PluginManage:310 - Check plugin rif
2025-03-12 13:59:01,291 [INFO] PluginManage:359 - Loaded plugin rif (category:base,tabindex:3)
2025-03-12 13:59:01,291 [INFO] PluginManage:310 - Check plugin thirdparty
2025-03-12 13:59:01,484 [INFO] PluginManage:359 - Loaded plugin thirdparty (category:base,tabindex:-1)
2025-03-12 13:59:01,484 [INFO] PluginManage:310 - Check plugin tools
2025-03-12 13:59:01,485 [WARN] IntegrityCheckThread:84 - waiting for thirdparty lock release [integrity check]
2025-03-12 13:59:01,486 [INFO] IntegrityCheckThread:86 - entering critical section [integrity check]
2025-03-12 13:59:01,487 [INFO] ThirdPartyUpdaterWithRetryManager:70 - Updater plugin not ready yet. [1/15]
2025-03-12 13:59:01,489 [INFO] PluginManage:359 - Loaded plugin tools (category:base,tabindex:7)
2025-03-12 13:59:01,489 [INFO] PluginManage:310 - Check plugin tutovideos
2025-03-12 13:59:01,728 [INFO] PluginManage:359 - Loaded plugin tutovideos (category:base,tabindex:-1)
2025-03-12 13:59:01,728 [INFO] PluginManage:310 - Check plugin updater
2025-03-12 13:59:01,761 [INFO] PluginManage:359 - Loaded plugin updater (category:base,tabindex:12)
2025-03-12 13:59:01,761 [INFO] PluginManage:310 - Check plugin userauth
2025-03-12 13:59:01,767 [INFO] UserAuth:118 - Init User Auth plugin
2025-03-12 13:59:01,769 [INFO] PluginManage:359 - Loaded plugin userauth (category:base,tabindex:14)
2025-03-12 13:59:01,770 [INFO] PluginManage:283 - PluginManage : Loaded plugins [18]
2025-03-12 13:59:02,055 [INFO] PinOutPanel:1589 - setPackage(No Configuration,No Configuration)
2025-03-12 13:59:02,167 [INFO] CADModel:165 - CPN selected for project level
2025-03-12 13:59:02,167 [INFO] CADModel:114 - Register for checkConnection events
2025-03-12 13:59:02,192 [INFO] IPUIPlugin:80 - create IPUIPlugin
2025-03-12 13:59:02,193 [INFO] PluginManager:220 - loadIPPluginJar : add adc
2025-03-12 13:59:02,197 [INFO] IPUIPlugin:80 - create IPUIPlugin
2025-03-12 13:59:02,197 [INFO] PluginManager:220 - loadIPPluginJar : add aes
2025-03-12 13:59:02,202 [INFO] IPUIPlugin:80 - create IPUIPlugin
2025-03-12 13:59:02,202 [INFO] PluginManager:220 - loadIPPluginJar : add can
2025-03-12 13:59:02,205 [INFO] IPUIPlugin:80 - create IPUIPlugin
2025-03-12 13:59:02,205 [INFO] PluginManager:220 - loadIPPluginJar : add comp
2025-03-12 13:59:02,209 [INFO] IPUIPlugin:80 - create IPUIPlugin
2025-03-12 13:59:02,210 [INFO] PluginManager:220 - loadIPPluginJar : add cryp
2025-03-12 13:59:02,214 [INFO] IPUIPlugin:80 - create IPUIPlugin
2025-03-12 13:59:02,214 [INFO] PluginManager:220 - loadIPPluginJar : add ddr_ctrl_phy
2025-03-12 13:59:02,219 [INFO] IPUIPlugin:80 - create IPUIPlugin
2025-03-12 13:59:02,219 [INFO] PluginManager:220 - loadIPPluginJar : add dfsdm
2025-03-12 13:59:02,228 [INFO] IPUIPlugin:80 - create IPUIPlugin
2025-03-12 13:59:02,229 [INFO] PluginManager:220 - loadIPPluginJar : add dma
2025-03-12 13:59:02,235 [INFO] IPUIPlugin:80 - create IPUIPlugin
2025-03-12 13:59:02,235 [INFO] PluginManager:220 - loadIPPluginJar : add dma3
2025-03-12 13:59:02,240 [INFO] IPUIPlugin:80 - create IPUIPlugin
2025-03-12 13:59:02,240 [INFO] PluginManager:220 - loadIPPluginJar : add extmemmanager
2025-03-12 13:59:02,243 [INFO] IPUIPlugin:80 - create IPUIPlugin
2025-03-12 13:59:02,243 [INFO] PluginManager:220 - loadIPPluginJar : add fatfs
2025-03-12 13:59:02,249 [INFO] IPUIPlugin:80 - create IPUIPlugin
2025-03-12 13:59:02,249 [INFO] PluginManager:220 - loadIPPluginJar : add fmc
2025-03-12 13:59:02,261 [INFO] IPUIPlugin:80 - create IPUIPlugin
2025-03-12 13:59:02,261 [INFO] PluginManager:220 - loadIPPluginJar : add freertos
2025-03-12 13:59:02,264 [INFO] IPUIPlugin:80 - create IPUIPlugin
2025-03-12 13:59:02,264 [INFO] PluginManager:220 - loadIPPluginJar : add genericplugin
2025-03-12 13:59:02,269 [INFO] IPUIPlugin:80 - create IPUIPlugin
2025-03-12 13:59:02,270 [INFO] PluginManager:220 - loadIPPluginJar : add gfxmmu
2025-03-12 13:59:02,276 [INFO] IPUIPlugin:80 - create IPUIPlugin
2025-03-12 13:59:02,277 [INFO] PluginManager:220 - loadIPPluginJar : add gic
2025-03-12 13:59:02,282 [INFO] IPUIPlugin:80 - create IPUIPlugin
2025-03-12 13:59:02,284 [INFO] PluginManager:220 - loadIPPluginJar : add gpio
2025-03-12 13:59:02,289 [INFO] IPUIPlugin:80 - create IPUIPlugin
2025-03-12 13:59:02,289 [INFO] PluginManager:220 - loadIPPluginJar : add gtzc
2025-03-12 13:59:02,292 [INFO] IPUIPlugin:80 - create IPUIPlugin
2025-03-12 13:59:02,292 [INFO] PluginManager:220 - loadIPPluginJar : add hash
2025-03-12 13:59:02,295 [INFO] IPUIPlugin:80 - create IPUIPlugin
2025-03-12 13:59:02,295 [INFO] PluginManager:220 - loadIPPluginJar : add i2c
2025-03-12 13:59:02,298 [INFO] IPUIPlugin:80 - create IPUIPlugin
2025-03-12 13:59:02,298 [INFO] PluginManager:220 - loadIPPluginJar : add i2s
2025-03-12 13:59:02,303 [INFO] IPUIPlugin:80 - create IPUIPlugin
2025-03-12 13:59:02,304 [INFO] PluginManager:220 - loadIPPluginJar : add i3c
2025-03-12 13:59:02,309 [INFO] IPUIPlugin:80 - create IPUIPlugin
2025-03-12 13:59:02,310 [INFO] PluginManager:220 - loadIPPluginJar : add ipddr
2025-03-12 13:59:02,319 [INFO] IPUIPlugin:80 - create IPUIPlugin
2025-03-12 13:59:02,319 [INFO] PluginManager:220 - loadIPPluginJar : add linkedlist
2025-03-12 13:59:02,325 [INFO] IPUIPlugin:80 - create IPUIPlugin
2025-03-12 13:59:02,325 [INFO] PluginManager:220 - loadIPPluginJar : add lorawan
2025-03-12 13:59:02,328 [INFO] IPUIPlugin:80 - create IPUIPlugin
2025-03-12 13:59:02,328 [INFO] PluginManager:220 - loadIPPluginJar : add ltdc
2025-03-12 13:59:02,336 [INFO] IPUIPlugin:80 - create IPUIPlugin
2025-03-12 13:59:02,336 [INFO] PluginManager:220 - loadIPPluginJar : add mdma
2025-03-12 13:59:02,340 [INFO] IPUIPlugin:80 - create IPUIPlugin
2025-03-12 13:59:02,341 [INFO] PluginManager:220 - loadIPPluginJar : add nvic
2025-03-12 13:59:02,344 [INFO] IPUIPlugin:80 - create IPUIPlugin
2025-03-12 13:59:02,345 [INFO] PluginManager:220 - loadIPPluginJar : add opamp
2025-03-12 13:59:02,351 [INFO] IPUIPlugin:80 - create IPUIPlugin
2025-03-12 13:59:02,352 [INFO] PluginManager:220 - loadIPPluginJar : add openamp
2025-03-12 13:59:02,356 [INFO] IPUIPlugin:80 - create IPUIPlugin
2025-03-12 13:59:02,356 [INFO] PluginManager:220 - loadIPPluginJar : add pdm2pcm
2025-03-12 13:59:02,363 [INFO] IPUIPlugin:80 - create IPUIPlugin
2025-03-12 13:59:02,369 [INFO] PluginManager:220 - loadIPPluginJar : add plateformsettings
2025-03-12 13:59:02,371 [INFO] IPUIPlugin:80 - create IPUIPlugin
2025-03-12 13:59:02,372 [INFO] PluginManager:220 - loadIPPluginJar : add quadspi
2025-03-12 13:59:02,375 [INFO] IPUIPlugin:80 - create IPUIPlugin
2025-03-12 13:59:02,376 [INFO] PluginManager:220 - loadIPPluginJar : add radio
2025-03-12 13:59:02,380 [INFO] IPUIPlugin:80 - create IPUIPlugin
2025-03-12 13:59:02,380 [INFO] PluginManager:220 - loadIPPluginJar : add resmgrutility
2025-03-12 13:59:02,385 [INFO] IPUIPlugin:80 - create IPUIPlugin
2025-03-12 13:59:02,385 [INFO] PluginManager:220 - loadIPPluginJar : add sai
2025-03-12 13:59:02,390 [INFO] IPUIPlugin:80 - create IPUIPlugin
2025-03-12 13:59:02,390 [INFO] PluginManager:220 - loadIPPluginJar : add spi
2025-03-12 13:59:02,398 [INFO] IPUIPlugin:80 - create IPUIPlugin
2025-03-12 13:59:02,398 [INFO] PluginManager:220 - loadIPPluginJar : add stm32_wpan
2025-03-12 13:59:02,403 [INFO] IPUIPlugin:80 - create IPUIPlugin
2025-03-12 13:59:02,403 [INFO] PluginManager:220 - loadIPPluginJar : add tim
2025-03-12 13:59:02,409 [INFO] IPUIPlugin:80 - create IPUIPlugin
2025-03-12 13:59:02,409 [INFO] PluginManager:220 - loadIPPluginJar : add touchsensing
2025-03-12 13:59:02,412 [INFO] IPUIPlugin:80 - create IPUIPlugin
2025-03-12 13:59:02,412 [INFO] PluginManager:220 - loadIPPluginJar : add tracer_emb
2025-03-12 13:59:02,416 [INFO] IPUIPlugin:80 - create IPUIPlugin
2025-03-12 13:59:02,416 [INFO] PluginManager:220 - loadIPPluginJar : add ts
2025-03-12 13:59:02,420 [INFO] IPUIPlugin:80 - create IPUIPlugin
2025-03-12 13:59:02,420 [INFO] PluginManager:220 - loadIPPluginJar : add tsc
2025-03-12 13:59:02,423 [INFO] IPUIPlugin:80 - create IPUIPlugin
2025-03-12 13:59:02,423 [INFO] PluginManager:220 - loadIPPluginJar : add ucpd
2025-03-12 13:59:02,428 [INFO] IPUIPlugin:80 - create IPUIPlugin
2025-03-12 13:59:02,429 [INFO] PluginManager:220 - loadIPPluginJar : add usart
2025-03-12 13:59:02,434 [INFO] IPUIPlugin:80 - create IPUIPlugin
2025-03-12 13:59:02,435 [INFO] PluginManager:220 - loadIPPluginJar : add usbx
2025-03-12 13:59:02,598 [FATAL] Updater:351 - Updater called before beeing initialized
2025-03-12 13:59:02,636 [INFO] RulesReader:64 - Compatibility file has been processed (301 Rules)
2025-03-12 13:59:02,648 [INFO] RulesReader:64 - Compatibility file has been processed (301 Rules)
2025-03-12 13:59:02,658 [INFO] CADModel:165 - CPN selected for project level
2025-03-12 13:59:02,658 [INFO] CADModel:114 - Register for checkConnection events
2025-03-12 13:59:02,659 [FATAL] Updater:351 - Updater called before beeing initialized
2025-03-12 13:59:02,659 [ERROR] CADModel:125 - Updater not yet initialized, retry later 
2025-03-12 13:59:02,854 [FATAL] Updater:351 - Updater called before beeing initialized
2025-03-12 13:59:02,856 [INFO] CADModel:165 - CPN selected for project level
2025-03-12 13:59:02,856 [INFO] CADModel:114 - Register for checkConnection events
2025-03-12 13:59:02,856 [FATAL] Updater:351 - Updater called before beeing initialized
2025-03-12 13:59:02,856 [ERROR] CADModel:125 - Updater not yet initialized, retry later 
2025-03-12 13:59:02,860 [FATAL] Updater:351 - Updater called before beeing initialized
2025-03-12 13:59:03,013 [FATAL] Updater:351 - Updater called before beeing initialized
2025-03-12 13:59:03,018 [INFO] DbMcusAds:53 - JSON generation date=Tue Dec 17 17:01:15 CET 2024 (1734451275143)
2025-03-12 13:59:03,018 [FATAL] Updater:351 - Updater called before beeing initialized
2025-03-12 13:59:03,060 [WARN] DetailPanel:346 - Failed to get advertising image, set to default
2025-03-12 13:59:03,364 [FATAL] Updater:351 - Updater called before beeing initialized
2025-03-12 13:59:03,366 [FATAL] Updater:351 - Updater called before beeing initialized
2025-03-12 13:59:03,367 [FATAL] Updater:351 - Updater called before beeing initialized
2025-03-12 13:59:03,367 [WARN] DetailPanel:346 - Failed to get advertising image, set to default
2025-03-12 13:59:03,368 [FATAL] Updater:351 - Updater called before beeing initialized
2025-03-12 13:59:03,423 [ERROR] Updater:1198 - MainUpdater not yet initialized. External WinMGr cannot be set.
2025-03-12 13:59:03,425 [INFO] Updater:1134 - Updater Version found : 6.14.0
2025-03-12 13:59:03,442 [INFO] ApplicationProperties:184 - Using Application install path: C:\ST\STM32CubeIDE_1.13.1\STM32CubeIDE\plugins\com.st.stm32cube.common.mx_6.14.0.202502271554
2025-03-12 13:59:04,490 [INFO] ThirdPartyUpdaterWithRetryManager:70 - Updater plugin not ready yet. [2/15]
2025-03-12 13:59:05,015 [ERROR] LogOutputStream:75 - [STDERR_REDIRECT] Mar 12, 2025 1:59:05 PM java.util.prefs.WindowsPreferences <init>
2025-03-12 13:59:05,017 [ERROR] LogOutputStream:75 - [STDERR_REDIRECT] WARNING: Could not open/create prefs root node Software\JavaSoft\Prefs at root 0xffffffff80000002. Windows RegCreateKeyEx(...) returned error code 5.
2025-03-12 13:59:05,017 [ERROR] LogOutputStream:75 - [STDERR_REDIRECT] 
2025-03-12 13:59:05,307 [INFO] MainUpdater:2872 - connection check result : 10
2025-03-12 13:59:05,309 [INFO] MainUpdater:289 - Updater Check For Update Now.
2025-03-12 13:59:05,309 [INFO] MicroXplorer:498 - Change Database Version : DB.6.0.140
2025-03-12 13:59:05,321 [INFO] McuFinderGlobals:63 - Set McuFinder mode to 2 (CubeIDE integrated)
2025-03-12 13:59:05,322 [INFO] UserAuth:486 - Internet connection configuration mode: 1
2025-03-12 13:59:05,348 [INFO] JxBrowserEngine:152 - Initiate JxBrowser Engine with user profile folder
2025-03-12 13:59:05,552 [INFO] CheckServerUpdateThread:120 - End of CheckServer Thread
2025-03-12 13:59:06,342 [INFO] WebApp:169 - Instantiating new browser for Auth
2025-03-12 13:59:07,529 [INFO] WebApp:463 - Apply proxy settings
2025-03-12 13:59:07,529 [INFO] WebApp:548 - Chromium requires no authentication
2025-03-12 13:59:07,551 [INFO] WebApp:491 - Direct internet connection detected
2025-03-12 13:59:07,632 [INFO] WebApp:894 - Register for checkConnection events
2025-03-12 13:59:07,632 [INFO] WebApp:463 - Apply proxy settings
2025-03-12 13:59:07,633 [INFO] WebApp:548 - Chromium requires no authentication
2025-03-12 13:59:07,635 [INFO] WebApp:491 - Direct internet connection detected
2025-03-12 13:59:07,807 [INFO] WebApp:191 - Connection restablished
2025-03-12 13:59:08,109 [INFO] WebApp:225 - Starting web application
2025-03-12 13:59:08,109 [INFO] WebApp:593 - Web application path used C:\ST\STM32CubeIDE_1.13.1\STM32CubeIDE\plugins\com.st.stm32cube.common.mx_6.14.0.202502271554\db\plugins\mcufinder\reactClient1\index.html
2025-03-12 13:59:08,327 [WARN] PackLoader:240 - Cannot read IP mode file for STMicroelectronics.FP-SNS-MOTENVWB1.1.4.0
2025-03-12 13:59:08,348 [WARN] PackLoader:240 - Cannot read IP mode file for STMicroelectronics.FP-ATR-ASTRA1.2.0.2
2025-03-12 13:59:08,360 [WARN] PackLoader:240 - Cannot read IP mode file for STMicroelectronics.FP-ATR-ASTRA1.2.0.1
2025-03-12 13:59:08,378 [WARN] PackLoader:240 - Cannot read IP mode file for STMicroelectronics.X-CUBE-SMBUS.2.1.0
2025-03-12 13:59:08,401 [WARN] PackLoader:240 - Cannot read IP mode file for STMicroelectronics.X-CUBE-WB05N.1.1.0
2025-03-12 13:59:08,417 [WARN] PackLoader:240 - Cannot read IP mode file for STMicroelectronics.X-CUBE-TOUCHGFX.4.23.1
2025-03-12 13:59:08,428 [WARN] PackLoader:240 - Cannot read IP mode file for STMicroelectronics.X-CUBE-TOUCHGFX.4.23.0
2025-03-12 13:59:08,438 [WARN] PackLoader:240 - Cannot read IP mode file for STMicroelectronics.X-CUBE-TOUCHGFX.4.23.2
2025-03-12 13:59:08,445 [INFO] UserAuth:486 - Internet connection configuration mode: 1
2025-03-12 13:59:08,529 [WARN] PackLoader:240 - Cannot read IP mode file for STMicroelectronics.X-CUBE-AZRTOS-F7.1.1.0
2025-03-12 13:59:08,558 [WARN] PackLoader:240 - Cannot read IP mode file for STMicroelectronics.FP-SNS-MOTENV1.4.3.2
2025-03-12 13:59:08,703 [WARN] PackLoader:240 - Cannot read IP mode file for STMicroelectronics.X-CUBE-MEMS1.11.0.0
2025-03-12 13:59:09,137 [WARN] PackLoader:240 - Cannot read IP mode file for STMicroelectronics.FP-SNS-FLIGHT1.5.0.2
2025-03-12 13:59:09,156 [WARN] PackLoader:240 - Cannot read IP mode file for STMicroelectronics.X-CUBE-DISPLAY.3.0.0
2025-03-12 13:59:09,176 [WARN] PackLoader:240 - Cannot read IP mode file for STMicroelectronics.X-CUBE-BLE1.7.0.0
2025-03-12 13:59:09,190 [WARN] PackLoader:240 - Cannot read IP mode file for STMicroelectronics.X-CUBE-NFC10.1.0.0
2025-03-12 13:59:09,211 [WARN] PackLoader:240 - Cannot read IP mode file for STMicroelectronics.X-CUBE-BLEMGR.4.0.0
2025-03-12 13:59:09,231 [WARN] PackLoader:240 - Cannot read IP mode file for emotas.I-CUBE-CANOPEN.1.3.0
2025-03-12 13:59:09,254 [WARN] PackLoader:240 - Cannot read IP mode file for STMicroelectronics.X-CUBE-BLEMGR.3.1.0
2025-03-12 13:59:09,271 [WARN] PackLoader:240 - Cannot read IP mode file for STMicroelectronics.X-CUBE-AI.10.0.0
2025-03-12 13:59:09,437 [WARN] PackLoader:240 - Cannot read IP mode file for STMicroelectronics.FP-SNS-SMARTAG2.1.2.0
2025-03-12 13:59:09,444 [WARN] PackLoader:240 - Cannot read IP mode file for STMicroelectronics.FP-SNS-FLIGHT1.5.1.0
2025-03-12 13:59:09,555 [WARN] PackLoader:240 - Cannot read IP mode file for STMicroelectronics.X-CUBE-MEMS1.11.1.0
2025-03-12 13:59:09,860 [INFO] LogOutputStream:77 - [STDOUT_REDIRECT] 1 : Invalid condition id : UX_CORESTACK_Condition cause : null
2025-03-12 13:59:09,861 [INFO] LogOutputStream:77 - [STDOUT_REDIRECT] 1 : Invalid condition id : UX_CORESTACK_Condition cause : null
2025-03-12 13:59:09,868 [INFO] LogOutputStream:77 - [STDOUT_REDIRECT] 1 : Invalid condition id : UX_CORESTACK_Condition cause : null
2025-03-12 13:59:09,871 [INFO] LogOutputStream:77 - [STDOUT_REDIRECT] 1 : Invalid condition id : UX_CORESTACK_Condition cause : null
2025-03-12 13:59:09,873 [INFO] LogOutputStream:77 - [STDOUT_REDIRECT] 1 : Invalid condition id : UX_CORESTACK_Condition cause : null
2025-03-12 13:59:09,882 [WARN] PackLoader:240 - Cannot read IP mode file for STMicroelectronics.X-CUBE-AZRTOS-WL.2.0.0
2025-03-12 13:59:09,889 [WARN] PackLoader:240 - Cannot read IP mode file for STMicroelectronics.FP-SNS-MOTENV1.5.0.0
2025-03-12 13:59:09,901 [WARN] PackLoader:240 - Cannot read IP mode file for wolfSSL.I-CUBE-wolfMQTT.1.19.0
2025-03-12 13:59:09,914 [WARN] PackLoader:240 - Cannot read IP mode file for WES.I-CUBE-Cesium.1.3.0
2025-03-12 13:59:09,924 [WARN] PackLoader:240 - Cannot read IP mode file for STMicroelectronics.X-CUBE-BLE2.3.3.0
2025-03-12 13:59:09,937 [WARN] PackLoader:240 - Cannot read IP mode file for STMicroelectronics.X-CUBE-NFC9.1.0.0
2025-03-12 13:59:09,952 [WARN] PackLoader:240 - Cannot read IP mode file for STMicroelectronics.X-CUBE-BLE1.7.1.0
2025-03-12 13:59:09,962 [WARN] PackLoader:240 - Cannot read IP mode file for STMicroelectronics.X-CUBE-TCPP.4.1.0
2025-03-12 13:59:09,980 [WARN] PackLoader:240 - Cannot read IP mode file for STMicroelectronics.X-CUBE-ALGOBUILD.1.3.0
2025-03-12 13:59:10,018 [WARN] PackLoader:240 - Cannot read IP mode file for STMicroelectronics.X-CUBE-AZRTOS-G0.1.1.0
2025-03-12 13:59:10,035 [WARN] PackLoader:240 - Cannot read IP mode file for STMicroelectronics.X-CUBE-SAFEA1.1.2.2
2025-03-12 13:59:10,046 [WARN] PackLoader:240 - Cannot read IP mode file for STMicroelectronics.X-CUBE-NFC4.3.0.0
2025-03-12 13:59:10,061 [WARN] PackLoader:240 - Cannot read IP mode file for EmbeddedOffice.I-CUBE-FS-RTOS.1.0.1
2025-03-12 13:59:10,069 [WARN] PackLoader:240 - Cannot read IP mode file for STMicroelectronics.X-CUBE-TCPP.4.2.0
2025-03-12 13:59:10,085 [WARN] PackLoader:240 - Cannot read IP mode file for RealThread.X-CUBE-RT-Thread_Nano.4.1.1
2025-03-12 13:59:10,094 [WARN] PackLoader:240 - Cannot read IP mode file for STMicroelectronics.FP-ATR-SIGFOX1.3.2.0
2025-03-12 13:59:10,105 [WARN] ConditionMgr:438 - getConditionDescription Invalid condition id : Cortex-A Device cause : null
2025-03-12 13:59:10,126 [WARN] ConditionMgr:1044 - genDependencies : Invalid condition id : Cortex-A Device cause : null
2025-03-12 13:59:10,126 [WARN] ConditionMgr:1044 - genDependencies : Invalid condition id : Cortex-A Device cause : null
2025-03-12 13:59:10,126 [WARN] ConditionMgr:1044 - genDependencies : Invalid condition id : Cortex-A Device cause : null
2025-03-12 13:59:10,135 [WARN] PackLoader:240 - Cannot read IP mode file for STMicroelectronics.X-CUBE-EEPRMA1.5.1.0
2025-03-12 13:59:10,194 [WARN] PackLoader:240 - Cannot read IP mode file for SEGGER.I-CUBE-embOS.1.3.1
2025-03-12 13:59:10,273 [WARN] PackLoader:240 - Cannot read IP mode file for STMicroelectronics.X-CUBE-ALGOBUILD.1.4.0
2025-03-12 13:59:10,279 [WARN] PackLoader:240 - Cannot read IP mode file for STMicroelectronics.X-CUBE-AI.9.1.0
2025-03-12 13:59:10,287 [WARN] PackLoader:240 - Cannot read IP mode file for STMicroelectronics.X-CUBE-GNSS1.6.0.0
2025-03-12 13:59:10,320 [WARN] PackLoader:240 - Cannot read IP mode file for STMicroelectronics.X-CUBE-AZRTOS-F4.1.1.0
2025-03-12 13:59:10,332 [WARN] PackLoader:240 - Cannot read IP mode file for STMicroelectronics.X-CUBE-ISPU.2.1.0
2025-03-12 13:59:10,344 [WARN] PackLoader:240 - Cannot read IP mode file for STMicroelectronics.X-CUBE-FREERTOS.1.2.0
2025-03-12 13:59:10,352 [WARN] PackLoader:240 - Cannot read IP mode file for wolfSSL.I-CUBE-wolfSSL.5.6.6
2025-03-12 13:59:10,386 [WARN] PackLoader:240 - Cannot read IP mode file for STMicroelectronics.X-CUBE-AZRTOS-L5.2.0.0
2025-03-12 13:59:10,401 [WARN] PackLoader:240 - Cannot read IP mode file for STMicroelectronics.X-CUBE-NFC6.3.1.0
2025-03-12 13:59:10,411 [WARN] PackLoader:240 - Cannot read IP mode file for ITTIA_DB.I-CUBE-ITTIADB.8.8.0
2025-03-12 13:59:10,419 [WARN] PackLoader:240 - Cannot read IP mode file for STMicroelectronics.X-CUBE-DPower.1.2.0
2025-03-12 13:59:10,428 [WARN] PackLoader:240 - Cannot read IP mode file for STMicroelectronics.X-CUBE-AI.9.0.0
2025-03-12 13:59:10,436 [WARN] PackLoader:240 - Cannot read IP mode file for STMicroelectronics.X-CUBE-FREERTOS.1.3.0
2025-03-12 13:59:10,443 [WARN] PackLoader:240 - Cannot read IP mode file for STMicroelectronics.X-CUBE-NFC7.1.0.1
2025-03-12 13:59:10,453 [WARN] PackLoader:240 - Cannot read IP mode file for STMicroelectronics.X-CUBE-NFC6.3.0.0
2025-03-12 13:59:10,461 [WARN] PackLoader:240 - Cannot read IP mode file for STMicroelectronics.X-CUBE-AI.8.1.0
2025-03-12 13:59:10,490 [WARN] ConditionMgr:438 - getConditionDescription Invalid condition id : LAN8742 Phy interface Condition cause : null
2025-03-12 13:59:10,491 [WARN] PackLoader:240 - Cannot read IP mode file for STMicroelectronics.X-CUBE-AZRTOS-L4.2.0.0
2025-03-12 13:59:10,492 [WARN] ConditionMgr:1044 - genDependencies : Invalid condition id : LAN8742 Phy interface Condition cause : null
2025-03-12 13:59:10,492 [WARN] ConditionMgr:1044 - genDependencies : Invalid condition id : LAN8742 Phy interface Condition cause : null
2025-03-12 13:59:10,493 [WARN] ConditionMgr:1044 - genDependencies : Invalid condition id : LAN8742 Phy interface Condition cause : null
2025-03-12 13:59:10,506 [WARN] PackLoader:240 - Cannot read IP mode file for STMicroelectronics.X-CUBE-SFXS2LP1.4.0.0
2025-03-12 13:59:10,546 [WARN] PackLoader:240 - Cannot read IP mode file for STMicroelectronics.X-CUBE-AZRTOS-H7.3.3.0
2025-03-12 13:59:10,569 [WARN] PackLoader:240 - Cannot read IP mode file for STMicroelectronics.X-CUBE-IPS.3.0.0
2025-03-12 13:59:10,600 [WARN] ConditionMgr:438 - getConditionDescription Invalid condition id : UX DEVICE CLASS RTOS Condition cause : null
2025-03-12 13:59:10,600 [WARN] ConditionMgr:438 - getConditionDescription Invalid condition id : UX DEVICE CLASS RTOS Condition cause : null
2025-03-12 13:59:10,603 [WARN] PackLoader:240 - Cannot read IP mode file for STMicroelectronics.X-CUBE-AZRTOS-WB.2.0.0
2025-03-12 13:59:10,604 [WARN] ConditionMgr:1044 - genDependencies : Invalid condition id : UX DEVICE CLASS RTOS Condition cause : null
2025-03-12 13:59:10,604 [WARN] ConditionMgr:1044 - genDependencies : Invalid condition id : UX DEVICE CLASS RTOS Condition cause : null
2025-03-12 13:59:10,605 [WARN] ConditionMgr:1044 - genDependencies : Invalid condition id : UX DEVICE CLASS RTOS Condition cause : null
2025-03-12 13:59:10,605 [WARN] ConditionMgr:1044 - genDependencies : Invalid condition id : UX DEVICE CLASS RTOS Condition cause : null
2025-03-12 13:59:10,606 [WARN] ConditionMgr:1044 - genDependencies : Invalid condition id : UX DEVICE CLASS RTOS Condition cause : null
2025-03-12 13:59:10,612 [WARN] PackLoader:240 - Cannot read IP mode file for STMicroelectronics.X-CUBE-GNSS1.7.0.0
2025-03-12 13:59:10,623 [WARN] PackLoader:240 - Cannot read IP mode file for STMicroelectronics.X-CUBE-GNSS1.7.0.1
2025-03-12 13:59:10,628 [WARN] PackLoader:240 - Cannot read IP mode file for STMicroelectronics.X-CUBE-TOUCHGFX.4.25.0
2025-03-12 13:59:10,640 [WARN] PackLoader:240 - Cannot read IP mode file for STMicroelectronics.FP-SNS-STBOX1.2.0.0
2025-03-12 13:59:10,660 [WARN] PackLoader:240 - Cannot read IP mode file for STMicroelectronics.X-CUBE-SUBG2.5.0.0
2025-03-12 13:59:10,678 [WARN] PackLoader:240 - Cannot read IP mode file for Cesanta.I-CUBE-Mongoose.7.13.0
2025-03-12 13:59:10,702 [WARN] PackLoader:240 - Cannot read IP mode file for STMicroelectronics.X-CUBE-AZRTOS-G4.2.0.0
2025-03-12 13:59:10,728 [WARN] PackLoader:240 - Cannot read IP mode file for Infineon.AIROC-Wi-Fi-Bluetooth-STM32.1.5.1
2025-03-12 13:59:10,740 [WARN] PackLoader:240 - Cannot read IP mode file for STMicroelectronics.FP-SNS-MOTENVWB1.1.3.1
2025-03-12 13:59:10,746 [WARN] PackLoader:240 - Cannot read IP mode file for STMicroelectronics.X-CUBE-ISPU.2.0.0
2025-03-12 13:59:10,769 [WARN] PackLoader:240 - Cannot read IP mode file for STMicroelectronics.X-CUBE-IPS.3.1.0
2025-03-12 13:59:10,791 [WARN] PackLoader:240 - Cannot read IP mode file for STMicroelectronics.X-CUBE-ALS.1.0.2
2025-03-12 13:59:10,878 [WARN] PackLoader:240 - Cannot read IP mode file for STMicroelectronics.X-CUBE-MEMS1.10.0.0
2025-03-12 13:59:11,097 [WARN] PackLoader:240 - Cannot read IP mode file for STMicroelectronics.X-CUBE-FREERTOS.1.1.0
2025-03-12 13:59:11,110 [WARN] PackLoader:240 - Cannot read IP mode file for STMicroelectronics.X-CUBE-TOUCHGFX.4.24.0
2025-03-12 13:59:11,115 [WARN] PackLoader:240 - Cannot read IP mode file for STMicroelectronics.X-CUBE-TOUCHGFX.4.24.2
2025-03-12 13:59:11,122 [WARN] PackLoader:240 - Cannot read IP mode file for STMicroelectronics.X-CUBE-TOUCHGFX.4.24.1
2025-03-12 13:59:11,129 [WARN] PackLoader:240 - Cannot read IP mode file for wolfSSL.I-CUBE-wolfTPM.3.4.0
2025-03-12 13:59:11,142 [WARN] PackLoader:240 - Cannot read IP mode file for portGmbH.I-Cube-SoM-uGOAL.1.1.0
2025-03-12 13:59:11,147 [WARN] PackLoader:240 - Cannot read IP mode file for STMicroelectronics.X-CUBE-ALS.1.0.1
2025-03-12 13:59:11,194 [WARN] PackLoader:240 - Cannot read IP mode file for STMicroelectronics.X-CUBE-AZRTOS-H7RS.1.0.0
2025-03-12 13:59:11,212 [WARN] PackLoader:240 - Cannot read IP mode file for STMicroelectronics.FP-ATR-ASTRA1.2.0.0
2025-03-12 13:59:11,238 [WARN] PackLoader:240 - Cannot read IP mode file for STMicroelectronics.X-CUBE-TOF1.3.4.2
2025-03-12 13:59:11,282 [WARN] PackLoader:240 - Cannot read IP mode file for STMicroelectronics.X-CUBE-TOF1.3.4.1
2025-03-12 13:59:11,354 [WARN] PackLoader:240 - Cannot read IP mode file for STMicroelectronics.X-CUBE-AZRTOS-H7.3.2.0
2025-03-12 13:59:11,386 [WARN] PackLoader:240 - Cannot read IP mode file for wolfSSL.I-CUBE-wolfSSH.1.4.17
2025-03-12 13:59:11,388 [INFO] ThirdParty:978 - Integrity check success = true
2025-03-12 13:59:11,388 [INFO] IntegrityCheckThread:100 - exiting critical section [integrity check]
2025-03-12 13:59:11,388 [INFO] IntegrityCheckThread:103 - End integrity checks thread
2025-03-12 13:59:36,774 [ERROR] LogOutputStream:75 - [STDERR_REDIRECT] 
2025-03-12 13:59:36,775 [ERROR] LogOutputStream:75 - [STDERR_REDIRECT] 
